<?xml version="1.0" encoding="UTF-8"?>
<testsuite xmlns:xsi="http://www.w3.org/2001/XMLSchema-instance" xsi:noNamespaceSchemaLocation="https://maven.apache.org/surefire/maven-surefire-plugin/xsd/surefire-test-report-3.0.xsd" version="3.0" name="com.epf.config.DataSourceConfigTest" time="0.797" tests="1" errors="0" skipped="0" failures="0">
  <properties>
    <property name="java.specification.version" value="21"/>
    <property name="sun.cpu.isalist" value="amd64"/>
    <property name="sun.jnu.encoding" value="Cp1252"/>
    <property name="java.class.path" value="C:\Users\Laura Mgnd\ProjetPvZ\target\test-classes;C:\Users\Laura Mgnd\ProjetPvZ\target\classes;C:\Users\Laura Mgnd\.m2\repository\org\springframework\spring-webmvc\6.1.13\spring-webmvc-6.1.13.jar;C:\Users\Laura Mgnd\.m2\repository\org\springframework\spring-aop\6.1.13\spring-aop-6.1.13.jar;C:\Users\Laura Mgnd\.m2\repository\org\springframework\spring-beans\6.1.13\spring-beans-6.1.13.jar;C:\Users\Laura Mgnd\.m2\repository\org\springframework\spring-context\6.1.13\spring-context-6.1.13.jar;C:\Users\Laura Mgnd\.m2\repository\io\micrometer\micrometer-observation\1.12.10\micrometer-observation-1.12.10.jar;C:\Users\Laura Mgnd\.m2\repository\io\micrometer\micrometer-commons\1.12.10\micrometer-commons-1.12.10.jar;C:\Users\Laura Mgnd\.m2\repository\org\springframework\spring-expression\6.1.13\spring-expression-6.1.13.jar;C:\Users\Laura Mgnd\.m2\repository\org\springframework\spring-web\6.1.13\spring-web-6.1.13.jar;C:\Users\Laura Mgnd\.m2\repository\org\springframework\spring-jdbc\6.1.13\spring-jdbc-6.1.13.jar;C:\Users\Laura Mgnd\.m2\repository\org\springframework\spring-tx\6.1.13\spring-tx-6.1.13.jar;C:\Users\Laura Mgnd\.m2\repository\org\springframework\spring-core\6.1.13\spring-core-6.1.13.jar;C:\Users\Laura Mgnd\.m2\repository\org\springframework\spring-jcl\6.1.13\spring-jcl-6.1.13.jar;C:\Users\Laura Mgnd\.m2\repository\org\springframework\spring-test\6.1.13\spring-test-6.1.13.jar;C:\Users\Laura Mgnd\.m2\repository\com\mysql\mysql-connector-j\8.0.33\mysql-connector-j-8.0.33.jar;C:\Users\Laura Mgnd\.m2\repository\com\google\protobuf\protobuf-java\3.21.9\protobuf-java-3.21.9.jar;C:\Users\Laura Mgnd\.m2\repository\com\fasterxml\jackson\core\jackson-databind\2.18.2\jackson-databind-2.18.2.jar;C:\Users\Laura Mgnd\.m2\repository\com\fasterxml\jackson\core\jackson-annotations\2.18.2\jackson-annotations-2.18.2.jar;C:\Users\Laura Mgnd\.m2\repository\com\fasterxml\jackson\core\jackson-core\2.18.2\jackson-core-2.18.2.jar;C:\Users\Laura Mgnd\.m2\repository\jakarta\servlet\jakarta.servlet-api\6.1.0\jakarta.servlet-api-6.1.0.jar;C:\Users\Laura Mgnd\.m2\repository\org\junit\jupiter\junit-jupiter\5.10.2\junit-jupiter-5.10.2.jar;C:\Users\Laura Mgnd\.m2\repository\org\junit\jupiter\junit-jupiter-api\5.10.2\junit-jupiter-api-5.10.2.jar;C:\Users\Laura Mgnd\.m2\repository\org\opentest4j\opentest4j\1.3.0\opentest4j-1.3.0.jar;C:\Users\Laura Mgnd\.m2\repository\org\junit\platform\junit-platform-commons\1.10.2\junit-platform-commons-1.10.2.jar;C:\Users\Laura Mgnd\.m2\repository\org\apiguardian\apiguardian-api\1.1.2\apiguardian-api-1.1.2.jar;C:\Users\Laura Mgnd\.m2\repository\org\junit\jupiter\junit-jupiter-params\5.10.2\junit-jupiter-params-5.10.2.jar;C:\Users\Laura Mgnd\.m2\repository\org\junit\jupiter\junit-jupiter-engine\5.10.2\junit-jupiter-engine-5.10.2.jar;C:\Users\Laura Mgnd\.m2\repository\org\junit\platform\junit-platform-engine\1.10.2\junit-platform-engine-1.10.2.jar;C:\Users\Laura Mgnd\.m2\repository\com\h2database\h2\2.2.224\h2-2.2.224.jar;C:\Users\Laura Mgnd\.m2\repository\org\mockito\mockito-core\5.11.0\mockito-core-5.11.0.jar;C:\Users\Laura Mgnd\.m2\repository\net\bytebuddy\byte-buddy\1.14.12\byte-buddy-1.14.12.jar;C:\Users\Laura Mgnd\.m2\repository\net\bytebuddy\byte-buddy-agent\1.14.12\byte-buddy-agent-1.14.12.jar;C:\Users\Laura Mgnd\.m2\repository\org\objenesis\objenesis\3.3\objenesis-3.3.jar;C:\Users\Laura Mgnd\.m2\repository\org\hamcrest\hamcrest\2.2\hamcrest-2.2.jar;C:\Users\Laura Mgnd\.m2\repository\ch\qos\logback\logback-classic\1.5.16\logback-classic-1.5.16.jar;C:\Users\Laura Mgnd\.m2\repository\ch\qos\logback\logback-core\1.5.16\logback-core-1.5.16.jar;C:\Users\Laura Mgnd\.m2\repository\org\slf4j\slf4j-api\2.0.16\slf4j-api-2.0.16.jar;"/>
    <property name="java.vm.vendor" value="Amazon.com Inc."/>
    <property name="sun.arch.data.model" value="64"/>
    <property name="user.variant" value=""/>
    <property name="java.vendor.url" value="https://aws.amazon.com/corretto/"/>
    <property name="user.timezone" value="Europe/Berlin"/>
    <property name="os.name" value="Windows 11"/>
    <property name="java.vm.specification.version" value="21"/>
    <property name="sun.java.launcher" value="SUN_STANDARD"/>
    <property name="user.country" value="FR"/>
    <property name="sun.boot.library.path" value="C:\Users\Laura Mgnd\.jdks\corretto-21.0.6\bin"/>
    <property name="sun.java.command" value="C:\Users\Laura Mgnd\AppData\Local\Temp\surefire15562733999862438908\surefirebooter-20250427225715223_3.jar C:\Users\Laura Mgnd\AppData\Local\Temp\surefire15562733999862438908 2025-04-27T22-57-15_125-jvmRun1 surefire-20250427225715223_1tmp surefire_0-20250427225715223_2tmp"/>
    <property name="jdk.debug" value="release"/>
    <property name="surefire.test.class.path" value="C:\Users\Laura Mgnd\ProjetPvZ\target\test-classes;C:\Users\Laura Mgnd\ProjetPvZ\target\classes;C:\Users\Laura Mgnd\.m2\repository\org\springframework\spring-webmvc\6.1.13\spring-webmvc-6.1.13.jar;C:\Users\Laura Mgnd\.m2\repository\org\springframework\spring-aop\6.1.13\spring-aop-6.1.13.jar;C:\Users\Laura Mgnd\.m2\repository\org\springframework\spring-beans\6.1.13\spring-beans-6.1.13.jar;C:\Users\Laura Mgnd\.m2\repository\org\springframework\spring-context\6.1.13\spring-context-6.1.13.jar;C:\Users\Laura Mgnd\.m2\repository\io\micrometer\micrometer-observation\1.12.10\micrometer-observation-1.12.10.jar;C:\Users\Laura Mgnd\.m2\repository\io\micrometer\micrometer-commons\1.12.10\micrometer-commons-1.12.10.jar;C:\Users\Laura Mgnd\.m2\repository\org\springframework\spring-expression\6.1.13\spring-expression-6.1.13.jar;C:\Users\Laura Mgnd\.m2\repository\org\springframework\spring-web\6.1.13\spring-web-6.1.13.jar;C:\Users\Laura Mgnd\.m2\repository\org\springframework\spring-jdbc\6.1.13\spring-jdbc-6.1.13.jar;C:\Users\Laura Mgnd\.m2\repository\org\springframework\spring-tx\6.1.13\spring-tx-6.1.13.jar;C:\Users\Laura Mgnd\.m2\repository\org\springframework\spring-core\6.1.13\spring-core-6.1.13.jar;C:\Users\Laura Mgnd\.m2\repository\org\springframework\spring-jcl\6.1.13\spring-jcl-6.1.13.jar;C:\Users\Laura Mgnd\.m2\repository\org\springframework\spring-test\6.1.13\spring-test-6.1.13.jar;C:\Users\Laura Mgnd\.m2\repository\com\mysql\mysql-connector-j\8.0.33\mysql-connector-j-8.0.33.jar;C:\Users\Laura Mgnd\.m2\repository\com\google\protobuf\protobuf-java\3.21.9\protobuf-java-3.21.9.jar;C:\Users\Laura Mgnd\.m2\repository\com\fasterxml\jackson\core\jackson-databind\2.18.2\jackson-databind-2.18.2.jar;C:\Users\Laura Mgnd\.m2\repository\com\fasterxml\jackson\core\jackson-annotations\2.18.2\jackson-annotations-2.18.2.jar;C:\Users\Laura Mgnd\.m2\repository\com\fasterxml\jackson\core\jackson-core\2.18.2\jackson-core-2.18.2.jar;C:\Users\Laura Mgnd\.m2\repository\jakarta\servlet\jakarta.servlet-api\6.1.0\jakarta.servlet-api-6.1.0.jar;C:\Users\Laura Mgnd\.m2\repository\org\junit\jupiter\junit-jupiter\5.10.2\junit-jupiter-5.10.2.jar;C:\Users\Laura Mgnd\.m2\repository\org\junit\jupiter\junit-jupiter-api\5.10.2\junit-jupiter-api-5.10.2.jar;C:\Users\Laura Mgnd\.m2\repository\org\opentest4j\opentest4j\1.3.0\opentest4j-1.3.0.jar;C:\Users\Laura Mgnd\.m2\repository\org\junit\platform\junit-platform-commons\1.10.2\junit-platform-commons-1.10.2.jar;C:\Users\Laura Mgnd\.m2\repository\org\apiguardian\apiguardian-api\1.1.2\apiguardian-api-1.1.2.jar;C:\Users\Laura Mgnd\.m2\repository\org\junit\jupiter\junit-jupiter-params\5.10.2\junit-jupiter-params-5.10.2.jar;C:\Users\Laura Mgnd\.m2\repository\org\junit\jupiter\junit-jupiter-engine\5.10.2\junit-jupiter-engine-5.10.2.jar;C:\Users\Laura Mgnd\.m2\repository\org\junit\platform\junit-platform-engine\1.10.2\junit-platform-engine-1.10.2.jar;C:\Users\Laura Mgnd\.m2\repository\com\h2database\h2\2.2.224\h2-2.2.224.jar;C:\Users\Laura Mgnd\.m2\repository\org\mockito\mockito-core\5.11.0\mockito-core-5.11.0.jar;C:\Users\Laura Mgnd\.m2\repository\net\bytebuddy\byte-buddy\1.14.12\byte-buddy-1.14.12.jar;C:\Users\Laura Mgnd\.m2\repository\net\bytebuddy\byte-buddy-agent\1.14.12\byte-buddy-agent-1.14.12.jar;C:\Users\Laura Mgnd\.m2\repository\org\objenesis\objenesis\3.3\objenesis-3.3.jar;C:\Users\Laura Mgnd\.m2\repository\org\hamcrest\hamcrest\2.2\hamcrest-2.2.jar;C:\Users\Laura Mgnd\.m2\repository\ch\qos\logback\logback-classic\1.5.16\logback-classic-1.5.16.jar;C:\Users\Laura Mgnd\.m2\repository\ch\qos\logback\logback-core\1.5.16\logback-core-1.5.16.jar;C:\Users\Laura Mgnd\.m2\repository\org\slf4j\slf4j-api\2.0.16\slf4j-api-2.0.16.jar;"/>
    <property name="sun.cpu.endian" value="little"/>
    <property name="user.home" value="C:\Users\Laura Mgnd"/>
    <property name="user.language" value="fr"/>
    <property name="java.specification.vendor" value="Oracle Corporation"/>
    <property name="java.version.date" value="2025-01-21"/>
    <property name="java.home" value="C:\Users\Laura Mgnd\.jdks\corretto-21.0.6"/>
    <property name="file.separator" value="\"/>
    <property name="basedir" value="C:\Users\Laura Mgnd\ProjetPvZ"/>
    <property name="java.vm.compressedOopsMode" value="Zero based"/>
    <property name="line.separator" value="&#10;"/>
    <property name="java.vm.specification.vendor" value="Oracle Corporation"/>
    <property name="java.specification.name" value="Java Platform API Specification"/>
    <property name="surefire.real.class.path" value="C:\Users\Laura Mgnd\AppData\Local\Temp\surefire15562733999862438908\surefirebooter-20250427225715223_3.jar"/>
    <property name="user.script" value=""/>
    <property name="sun.management.compiler" value="HotSpot 64-Bit Tiered Compilers"/>
    <property name="java.runtime.version" value="21.0.6+7-LTS"/>
    <property name="user.name" value="Laura Mgnd"/>
    <property name="stdout.encoding" value="Cp1252"/>
    <property name="path.separator" value=";"/>
    <property name="os.version" value="10.0"/>
    <property name="java.runtime.name" value="OpenJDK Runtime Environment"/>
    <property name="file.encoding" value="UTF-8"/>
    <property name="java.vm.name" value="OpenJDK 64-Bit Server VM"/>
    <property name="java.vendor.version" value="Corretto-21.0.6.7.1"/>
    <property name="localRepository" value="C:\Users\Laura Mgnd\.m2\repository"/>
    <property name="java.vendor.url.bug" value="https://github.com/corretto/corretto-21/issues/"/>
    <property name="java.io.tmpdir" value="C:\Users\LAURAM~1\AppData\Local\Temp\"/>
    <property name="idea.version" value="2024.3.4.1"/>
    <property name="java.version" value="21.0.6"/>
    <property name="user.dir" value="C:\Users\Laura Mgnd\ProjetPvZ"/>
    <property name="os.arch" value="amd64"/>
    <property name="java.vm.specification.name" value="Java Virtual Machine Specification"/>
    <property name="sun.os.patch.level" value=""/>
    <property name="native.encoding" value="Cp1252"/>
    <property name="java.library.path" value="C:\Users\Laura Mgnd\.jdks\corretto-21.0.6\bin;C:\WINDOWS\Sun\Java\bin;C:\WINDOWS\system32;C:\WINDOWS;C:\Python312\Scripts\;C:\Python312\;C:\Windows\system32;C:\Windows;C:\Windows\System32\Wbem;C:\Windows\System32\WindowsPowerShell\v1.0\;C:\Windows\System32\OpenSSH\;C:\Program Files\NVIDIA Corporation\NVIDIA NvDLISR;C:\WINDOWS\system32;C:\WINDOWS;C:\WINDOWS\System32\Wbem;C:\WINDOWS\System32\WindowsPowerShell\v1.0\;C:\WINDOWS\System32\OpenSSH\;C:\Program Files\nodejs\;C:\ProgramData\chocolatey\bin;C:\Program Files\MySQL\MySQL Server 8.0\bin;C:\Program Files\Apache\maven\bin;C:\Program Files\php;C:\ProgramData\ComposerSetup\bin;C:\tomcat\bin;C:\Program Files\Docker\Docker\resources\bin;C:\Program Files\Java\jdk-23\bin;C:\Program Files\Git\git-bash.exe;C:\Program Files\Git\bin;C:\MinGW\bin\;C:\Users\Laura Mgnd\scoop\shims;C:\Users\Laura Mgnd\AppData\Local\Microsoft\WindowsApps;C:\Users\Laura Mgnd\AppData\Local\Programs\Microsoft VS Code\bin;C:\Users\Laura Mgnd\AppData\Roaming\npm;C:\Users\Laura Mgnd\AppData\Roaming\Composer\vendor\bin;;C:\Program Files\JetBrains\CLion 2024.3.5\bin;;."/>
    <property name="java.vm.info" value="mixed mode, sharing"/>
    <property name="stderr.encoding" value="Cp1252"/>
    <property name="java.vendor" value="Amazon.com Inc."/>
    <property name="java.vm.version" value="21.0.6+7-LTS"/>
    <property name="sun.io.unicode.encoding" value="UnicodeLittle"/>
    <property name="java.class.version" value="65.0"/>
  </properties>
  <testcase name="testReadDB" classname="com.epf.config.DataSourceConfigTest" time="0.775">
    <system-out><![CDATA[22:57:15.899 [main] DEBUG org.springframework.context.annotation.AnnotationConfigApplicationContext -- Refreshing org.springframework.context.annotation.AnnotationConfigApplicationContext@50b5ac82
22:57:15.913 [main] DEBUG org.springframework.beans.factory.support.DefaultListableBeanFactory -- Creating shared instance of singleton bean 'org.springframework.context.annotation.internalConfigurationAnnotationProcessor'
22:57:16.030 [main] DEBUG org.springframework.beans.factory.support.DefaultListableBeanFactory -- Creating shared instance of singleton bean 'org.springframework.context.event.internalEventListenerProcessor'
22:57:16.035 [main] DEBUG org.springframework.beans.factory.support.DefaultListableBeanFactory -- Creating shared instance of singleton bean 'org.springframework.context.event.internalEventListenerFactory'
22:57:16.037 [main] DEBUG org.springframework.beans.factory.support.DefaultListableBeanFactory -- Creating shared instance of singleton bean 'org.springframework.context.annotation.internalAutowiredAnnotationProcessor'
22:57:16.042 [main] DEBUG org.springframework.beans.factory.support.DefaultListableBeanFactory -- Creating shared instance of singleton bean 'dataSourceConfig'
22:57:16.056 [main] DEBUG org.springframework.core.env.PropertySourcesPropertyResolver -- Found key 'spring.datasource.url' in PropertySource 'class path resource [database.properties]' with value of type String
22:57:16.064 [main] DEBUG org.springframework.core.env.PropertySourcesPropertyResolver -- Found key 'spring.datasource.username' in PropertySource 'class path resource [database.properties]' with value of type String
22:57:16.065 [main] DEBUG org.springframework.core.env.PropertySourcesPropertyResolver -- Found key 'spring.datasource.password' in PropertySource 'class path resource [database.properties]' with value of type String
22:57:16.065 [main] DEBUG org.springframework.core.env.PropertySourcesPropertyResolver -- Found key 'spring.datasource.driver-class-name' in PropertySource 'class path resource [database.properties]' with value of type String
22:57:16.065 [main] DEBUG org.springframework.beans.factory.support.DefaultListableBeanFactory -- Creating shared instance of singleton bean 'dataSource'
22:57:16.071 [main] DEBUG org.springframework.jdbc.datasource.DriverManagerDataSource -- Loaded JDBC driver: com.mysql.cj.jdbc.Driver
22:57:16.074 [main] DEBUG org.springframework.beans.factory.support.DefaultListableBeanFactory -- Creating shared instance of singleton bean 'jdbcTemplate'
22:57:16.076 [main] DEBUG org.springframework.beans.factory.support.DefaultListableBeanFactory -- Autowiring by type from bean name 'jdbcTemplate' via factory method to bean named 'dataSource'
22:57:16.109 [main] DEBUG org.springframework.jdbc.datasource.DriverManagerDataSource -- Creating new JDBC DriverManager Connection to [jdbc:mysql://localhost:3306/pvz]
Plantes:
ID Plante: 1
Nom: Tournesol
Point de vie: 100
Attaque par seconde: 0.0
Dégât d'attaque: 0
Coût: 50
Soleil par seconde: 25.0
Effet: normal
Chemin de l'image: images/plante/tournesol.png
-----------------------------------
ID Plante: 2
Nom: Pois Tireur
Point de vie: 150
Attaque par seconde: 1.5
Dégât d'attaque: 20
Coût: 100
Soleil par seconde: 0.0
Effet: normal
Chemin de l'image: images/plante/poistireur.png
-----------------------------------
ID Plante: 3
Nom: Double Pisto P
Point de vie: 150
Attaque par seconde: 1.5
Dégât d'attaque: 40
Coût: 200
Soleil par seconde: 0.0
Effet: normal
Chemin de l'image: images/plante/doublepois.png
-----------------------------------
ID Plante: 4
Nom: Glace Pois
Point de vie: 120
Attaque par seconde: 1.0
Dégât d'attaque: 10
Coût: 175
Soleil par seconde: 0.0
Effet: slow low
Chemin de l'image: images/plante/glacepois.png
-----------------------------------
ID Plante: 5
Nom: Noix
Point de vie: 300
Attaque par seconde: 0.0
Dégât d'attaque: 0
Coût: 50
Soleil par seconde: 0.0
Effet: normal
Chemin de l'image: images/plante/noix.png
-----------------------------------

Zombies:
ID Zombie: 1
Nom: Zombie de base
Point de vie: 100
Attaque par seconde: 0.8
Dégât d'attaque: 10
Vitesse de déplacement: 0.5
Chemin de l'image: images/zombie/zombie.png
ID Map: 1
-----------------------------------
ID Zombie: 2
Nom: Zombie Cone
Point de vie: 200
Attaque par seconde: 0.8
Dégât d'attaque: 10
Vitesse de déplacement: 0.45
Chemin de l'image: images/zombie/conehead.png
ID Map: 1
-----------------------------------
ID Zombie: 3
Nom: Zombie Seau
Point de vie: 300
Attaque par seconde: 0.7
Dégât d'attaque: 10
Vitesse de déplacement: 0.4
Chemin de l'image: images/zombie/buckethead.png
ID Map: 1
-----------------------------------
ID Zombie: 4
Nom: Runner Zombie
Point de vie: 80
Attaque par seconde: 1.0
Dégât d'attaque: 8
Vitesse de déplacement: 0.7
Chemin de l'image: images/zombie/runner.png
ID Map: 2
-----------------------------------
ID Zombie: 5
Nom: Football Zombie
Point de vie: 250
Attaque par seconde: 0.9
Dégât d'attaque: 12
Vitesse de déplacement: 0.6
Chemin de l'image: images/zombie/football.png
ID Map: 3
-----------------------------------

Maps:
ID Map: 1
Ligne: 5
Colonne: 9
Chemin de l'image: images/map/gazon.png
-----------------------------------
ID Map: 2
Ligne: 6
Colonne: 9
Chemin de l'image: images/map/gazon.png
-----------------------------------
ID Map: 3
Ligne: 4
Colonne: 8
Chemin de l'image: images/map/gazon.png
-----------------------------------
22:57:16.497 [main] DEBUG org.springframework.context.annotation.AnnotationConfigApplicationContext -- Closing org.springframework.context.annotation.AnnotationConfigApplicationContext@50b5ac82, started on Sun Apr 27 22:57:15 CEST 2025
]]></system-out>
  </testcase>
</testsuite>